[2025-04-02T12:12:56.133+0000] {local_task_job_runner.py:123} INFO - ::group::Pre task execution logs
[2025-04-02T12:12:56.133+0000] {local_task_job_runner.py:123} INFO - ::group::Pre task execution logs
[2025-04-02T12:12:57.681+0000] {taskinstance.py:2614} INFO - Dependencies all met for dep_context=non-requeueable deps ti=<TaskInstance: run_ssis_package.execute_ssis manual__2025-04-02T12:03:32.116744+00:00 [queued]>
[2025-04-02T12:12:58.238+0000] {taskinstance.py:2614} INFO - Dependencies all met for dep_context=requeueable deps ti=<TaskInstance: run_ssis_package.execute_ssis manual__2025-04-02T12:03:32.116744+00:00 [queued]>
[2025-04-02T12:12:58.242+0000] {taskinstance.py:2867} INFO - Starting attempt 2 of 2
[2025-04-02T12:12:58.780+0000] {taskinstance.py:2890} INFO - Executing <Task(BashOperator): execute_ssis> on 2025-04-02 12:03:32.116744+00:00
[2025-04-02T12:12:58.895+0000] {taskinstance.py:2604} INFO - Dependencies not met for <TaskInstance: run_ssis_package.execute_ssis manual__2025-04-02T12:03:32.116744+00:00 [running]>, dependency 'Task Instance State' FAILED: Task is in the 'running' state.
[2025-04-02T12:12:58.956+0000] {taskinstance.py:2604} INFO - Dependencies not met for <TaskInstance: run_ssis_package.execute_ssis manual__2025-04-02T12:03:32.116744+00:00 [running]>, dependency 'Task Instance Not Running' FAILED: Task is in the running state
[2025-04-02T12:12:59.019+0000] {local_task_job_runner.py:166} INFO - Task is not able to be run
[2025-04-02T12:12:58.844+0000] {standard_task_runner.py:104} INFO - Running: ['***', 'tasks', 'run', 'run_ssis_package', 'execute_ssis', 'manual__2025-04-02T12:03:32.116744+00:00', '--job-id', '200', '--raw', '--subdir', 'DAGS_FOLDER/ssis.py', '--cfg-path', '/tmp/tmp1nsyzi0q']
[2025-04-02T12:12:58.856+0000] {warnings.py:112} WARNING - /home/***/.local/lib/python3.12/site-packages/***/task/task_runner/standard_task_runner.py:70: DeprecationWarning: This process (pid=515) is multi-threaded, use of fork() may lead to deadlocks in the child.
  pid = os.fork()

[2025-04-02T12:12:59.233+0000] {standard_task_runner.py:105} INFO - Job 200: Subtask execute_ssis
[2025-04-02T12:12:59.233+0000] {standard_task_runner.py:72} INFO - Started process 539 to run task
[2025-04-02T12:12:59.706+0000] {task_command.py:467} INFO - Running <TaskInstance: run_ssis_package.execute_ssis manual__2025-04-02T12:03:32.116744+00:00 [running]> on host d7b554d6843c
[2025-04-02T12:13:02.362+0000] {taskinstance.py:3134} INFO - Exporting env vars: AIRFLOW_CTX_DAG_OWNER='***' AIRFLOW_CTX_DAG_ID='run_ssis_package' AIRFLOW_CTX_TASK_ID='execute_ssis' AIRFLOW_CTX_EXECUTION_DATE='2025-04-02T12:03:32.116744+00:00' AIRFLOW_CTX_TRY_NUMBER='2' AIRFLOW_CTX_DAG_RUN_ID='manual__2025-04-02T12:03:32.116744+00:00'
[2025-04-02T12:13:02.392+0000] {taskinstance.py:732} INFO - ::endgroup::
[2025-04-02T12:13:04.372+0000] {subprocess.py:78} INFO - Tmp dir root location: /tmp
[2025-04-02T12:13:04.526+0000] {subprocess.py:88} INFO - Running command: ['/usr/bin/bash', '-c', 'python C:\\Users\\Shehab\\run_ssis.py']
[2025-04-02T12:13:04.733+0000] {subprocess.py:99} INFO - Output:
[2025-04-02T12:13:04.863+0000] {subprocess.py:106} INFO - python: can't open file '/tmp/***tmptfgkzmiz/C:UsersShehabrun_ssis.py': [Errno 2] No such file or directory
[2025-04-02T12:13:04.866+0000] {subprocess.py:110} INFO - Command exited with return code 2
[2025-04-02T12:13:05.101+0000] {taskinstance.py:3313} ERROR - Task failed with exception
Traceback (most recent call last):
  File "/home/airflow/.local/lib/python3.12/site-packages/airflow/models/taskinstance.py", line 768, in _execute_task
    result = _execute_callable(context=context, **execute_callable_kwargs)
             ^^^^^^^^^^^^^^^^^^^^^^^^^^^^^^^^^^^^^^^^^^^^^^^^^^^^^^^^^^^^^
  File "/home/airflow/.local/lib/python3.12/site-packages/airflow/models/taskinstance.py", line 734, in _execute_callable
    return ExecutionCallableRunner(
           ^^^^^^^^^^^^^^^^^^^^^^^^
  File "/home/airflow/.local/lib/python3.12/site-packages/airflow/utils/operator_helpers.py", line 252, in run
    return self.func(*args, **kwargs)
           ^^^^^^^^^^^^^^^^^^^^^^^^^^
  File "/home/airflow/.local/lib/python3.12/site-packages/airflow/models/baseoperator.py", line 424, in wrapper
    return func(self, *args, **kwargs)
           ^^^^^^^^^^^^^^^^^^^^^^^^^^^
  File "/home/airflow/.local/lib/python3.12/site-packages/airflow/operators/bash.py", line 276, in execute
    raise AirflowException(
airflow.exceptions.AirflowException: Bash command failed. The command returned a non-zero exit code 2.
[2025-04-02T12:13:06.325+0000] {taskinstance.py:1226} INFO - Marking task as FAILED. dag_id=run_ssis_package, task_id=execute_ssis, run_id=manual__2025-04-02T12:03:32.116744+00:00, execution_date=20250402T120332, start_date=20250402T121257, end_date=20250402T121306
[2025-04-02T12:13:06.638+0000] {job.py:229} INFO - Heartbeat recovered after 15.17 seconds
[2025-04-02T12:13:06.755+0000] {taskinstance.py:341} INFO - ::group::Post task execution logs
[2025-04-02T12:13:06.756+0000] {standard_task_runner.py:124} ERROR - Failed to execute job 200 for task execute_ssis (Bash command failed. The command returned a non-zero exit code 2.; 539)
Traceback (most recent call last):
  File "/home/airflow/.local/lib/python3.12/site-packages/airflow/task/task_runner/standard_task_runner.py", line 117, in _start_by_fork
    ret = args.func(args, dag=self.dag)
          ^^^^^^^^^^^^^^^^^^^^^^^^^^^^^
  File "/home/airflow/.local/lib/python3.12/site-packages/airflow/cli/cli_config.py", line 49, in command
    return func(*args, **kwargs)
           ^^^^^^^^^^^^^^^^^^^^^
  File "/home/airflow/.local/lib/python3.12/site-packages/airflow/utils/cli.py", line 116, in wrapper
    return f(*args, **kwargs)
           ^^^^^^^^^^^^^^^^^^
  File "/home/airflow/.local/lib/python3.12/site-packages/airflow/cli/commands/task_command.py", line 483, in task_run
    task_return_code = _run_task_by_selected_method(args, _dag, ti)
                       ^^^^^^^^^^^^^^^^^^^^^^^^^^^^^^^^^^^^^^^^^^^^
  File "/home/airflow/.local/lib/python3.12/site-packages/airflow/cli/commands/task_command.py", line 256, in _run_task_by_selected_method
    return _run_raw_task(args, ti)
           ^^^^^^^^^^^^^^^^^^^^^^^
  File "/home/airflow/.local/lib/python3.12/site-packages/airflow/cli/commands/task_command.py", line 341, in _run_raw_task
    return ti._run_raw_task(
           ^^^^^^^^^^^^^^^^^
  File "/home/airflow/.local/lib/python3.12/site-packages/airflow/utils/session.py", line 97, in wrapper
    return func(*args, session=session, **kwargs)
           ^^^^^^^^^^^^^^^^^^^^^^^^^^^^^^^^^^^^^^
  File "/home/airflow/.local/lib/python3.12/site-packages/airflow/models/taskinstance.py", line 3006, in _run_raw_task
    return _run_raw_task(
           ^^^^^^^^^^^^^^
  File "/home/airflow/.local/lib/python3.12/site-packages/airflow/models/taskinstance.py", line 274, in _run_raw_task
    TaskInstance._execute_task_with_callbacks(
  File "/home/airflow/.local/lib/python3.12/site-packages/airflow/models/taskinstance.py", line 3161, in _execute_task_with_callbacks
    result = self._execute_task(context, task_orig)
             ^^^^^^^^^^^^^^^^^^^^^^^^^^^^^^^^^^^^^^
  File "/home/airflow/.local/lib/python3.12/site-packages/airflow/models/taskinstance.py", line 3185, in _execute_task
    return _execute_task(self, context, task_orig)
           ^^^^^^^^^^^^^^^^^^^^^^^^^^^^^^^^^^^^^^^
  File "/home/airflow/.local/lib/python3.12/site-packages/airflow/models/taskinstance.py", line 768, in _execute_task
    result = _execute_callable(context=context, **execute_callable_kwargs)
             ^^^^^^^^^^^^^^^^^^^^^^^^^^^^^^^^^^^^^^^^^^^^^^^^^^^^^^^^^^^^^
  File "/home/airflow/.local/lib/python3.12/site-packages/airflow/models/taskinstance.py", line 734, in _execute_callable
    return ExecutionCallableRunner(
           ^^^^^^^^^^^^^^^^^^^^^^^^
  File "/home/airflow/.local/lib/python3.12/site-packages/airflow/utils/operator_helpers.py", line 252, in run
    return self.func(*args, **kwargs)
           ^^^^^^^^^^^^^^^^^^^^^^^^^^
  File "/home/airflow/.local/lib/python3.12/site-packages/airflow/models/baseoperator.py", line 424, in wrapper
    return func(self, *args, **kwargs)
           ^^^^^^^^^^^^^^^^^^^^^^^^^^^
  File "/home/airflow/.local/lib/python3.12/site-packages/airflow/operators/bash.py", line 276, in execute
    raise AirflowException(
airflow.exceptions.AirflowException: Bash command failed. The command returned a non-zero exit code 2.
[2025-04-02T12:13:07.070+0000] {local_task_job_runner.py:266} INFO - Task exited with return code 1
[2025-04-02T12:13:07.128+0000] {taskinstance.py:3901} INFO - 0 downstream tasks scheduled from follow-on schedule check
[2025-04-02T12:13:07.131+0000] {local_task_job_runner.py:245} INFO - ::endgroup::
